<?xml version="1.0" encoding="UTF-8"?>
<!-- Generated by org.testng.reporters.JUnitReportReporter -->
<testsuite skipped="0" hostname="DESKTOP-541KTCM" name="com.hubspot.test.LogInPageTest" tests="2" failures="0" timestamp="2020-09-25T15:00:19 IST" time="31.125" errors="0">
  <testcase name="verifyTitleTest" time="13.231" classname="com.hubspot.test.LogInPageTest"/>
  <system-out/>
  <testcase name="verifyForgetPwd" time="17.894" classname="com.hubspot.test.LogInPageTest"/>
  <system-out/>
</testsuite> <!-- com.hubspot.test.LogInPageTest -->
