<?xml version="1.0" encoding="UTF-8"?>
<!-- Generated by org.testng.reporters.JUnitReportReporter -->
<testsuite skipped="0" hostname="DESKTOP-541KTCM" name="com.hubspot.test.ContactsPageTest" tests="1" failures="0" timestamp="29 Sep 2020 10:41:51 GMT" time="31.469" errors="0">
  <testcase name="getFilling" time="31.469" classname="com.hubspot.test.ContactsPageTest"/>
</testsuite> <!-- com.hubspot.test.ContactsPageTest -->
