<?xml version="1.0" encoding="UTF-8"?>
<!-- Generated by org.testng.reporters.JUnitReportReporter -->
<testsuite skipped="0" hostname="DESKTOP-541KTCM" name="com.hubspot.test.ContactsPageTest" tests="1" failures="0" timestamp="2020-09-25T16:58:34 IST" time="23.228" errors="0">
  <testcase name="getFilling" time="23.228" classname="com.hubspot.test.ContactsPageTest"/>
  <system-out/>
</testsuite> <!-- com.hubspot.test.ContactsPageTest -->
