<?xml version="1.0" encoding="UTF-8"?>
<!-- Generated by org.testng.reporters.JUnitReportReporter -->
<testsuite skipped="0" hostname="DESKTOP-541KTCM" name="com.hubspot.test.LogInPageTest" tests="5" failures="0" timestamp="2020-09-25T16:58:34 IST" time="81.788" errors="0">
  <testcase name="verifyTitleTest" time="13.749" classname="com.hubspot.test.LogInPageTest"/>
  <system-out/>
  <testcase name="verifyLogInPageTest" time="25.472" classname="com.hubspot.test.LogInPageTest"/>
  <system-out/>
  <testcase name="badLogin" time="14.294" classname="com.hubspot.test.LogInPageTest"/>
  <system-out/>
  <testcase name="badLogin" time="15.059" classname="com.hubspot.test.LogInPageTest"/>
  <system-out/>
  <testcase name="verifyForgetPwd" time="13.214" classname="com.hubspot.test.LogInPageTest"/>
  <system-out/>
</testsuite> <!-- com.hubspot.test.LogInPageTest -->
