<?xml version="1.0" encoding="UTF-8"?>
<!-- Generated by org.testng.reporters.JUnitReportReporter -->
<testsuite skipped="0" hostname="DESKTOP-541KTCM" name="com.hubspot.test.LogInPageTest" tests="5" failures="0" timestamp="29 Sep 2020 09:05:50 GMT" time="111.675" errors="0">
  <testcase name="verifyTitleTest" time="15.248" classname="com.hubspot.test.LogInPageTest"/>
  <testcase name="verifyLogInPageTest" time="22.372" classname="com.hubspot.test.LogInPageTest"/>
  <testcase name="badLogin" time="32.652" classname="com.hubspot.test.LogInPageTest"/>
  <testcase name="badLogin" time="20.142" classname="com.hubspot.test.LogInPageTest"/>
  <testcase name="verifyForgetPwd" time="21.261" classname="com.hubspot.test.LogInPageTest"/>
</testsuite> <!-- com.hubspot.test.LogInPageTest -->
