<?xml version="1.0" encoding="UTF-8"?>
<!-- Generated by org.testng.reporters.JUnitReportReporter -->
<testsuite skipped="0" hostname="DESKTOP-541KTCM" name="com.hubspot.test.HomePageTest" tests="3" failures="0" timestamp="29 Sep 2020 10:24:21 GMT" time="70.871" errors="0">
  <testcase name="checkingAdmin" time="24.410" classname="com.hubspot.test.HomePageTest"/>
  <testcase name="checkingWelcome" time="22.978" classname="com.hubspot.test.HomePageTest"/>
  <testcase name="checkingInfo" time="23.483" classname="com.hubspot.test.HomePageTest"/>
</testsuite> <!-- com.hubspot.test.HomePageTest -->
