<?xml version="1.0" encoding="UTF-8"?>
<!-- Generated by org.testng.reporters.JUnitReportReporter -->
<testsuite skipped="0" hostname="DESKTOP-541KTCM" name="com.hubspot.test.LogInPageTest" tests="5" failures="0" timestamp="2020-09-25T23:16:29 IST" time="102.007" errors="0">
  <testcase name="verifyTitleTest" time="14.636" classname="com.hubspot.test.LogInPageTest"/>
  <system-out/>
  <testcase name="verifyLogInPageTest" time="20.969" classname="com.hubspot.test.LogInPageTest"/>
  <system-out/>
  <testcase name="badLogin" time="18.846" classname="com.hubspot.test.LogInPageTest"/>
  <system-out/>
  <testcase name="badLogin" time="33.529" classname="com.hubspot.test.LogInPageTest"/>
  <system-out/>
  <testcase name="verifyForgetPwd" time="14.027" classname="com.hubspot.test.LogInPageTest"/>
  <system-out/>
</testsuite> <!-- com.hubspot.test.LogInPageTest -->
