<?xml version="1.0" encoding="UTF-8"?>
<!-- Generated by org.testng.reporters.JUnitReportReporter -->
<testsuite skipped="0" hostname="DESKTOP-541KTCM" name="com.hubspot.test.HomePageTest" tests="3" failures="0" timestamp="2020-09-25T15:00:19 IST" time="111.039" errors="0">
  <testcase name="checkingAdmin" time="33.615" classname="com.hubspot.test.HomePageTest"/>
  <system-out/>
  <testcase name="checkingWelcome" time="40.996" classname="com.hubspot.test.HomePageTest"/>
  <system-out/>
  <testcase name="checkingInfo" time="36.428" classname="com.hubspot.test.HomePageTest"/>
  <system-out/>
</testsuite> <!-- com.hubspot.test.HomePageTest -->
