<?xml version="1.0" encoding="UTF-8"?>
<!-- Generated by org.testng.reporters.JUnitReportReporter -->
<testsuite skipped="0" hostname="DESKTOP-541KTCM" name="com.hubspot.test.HomePageTest" tests="3" failures="0" timestamp="2020-09-25T16:58:34 IST" time="102.536" errors="0">
  <testcase name="checkingAdmin" time="30.002" classname="com.hubspot.test.HomePageTest"/>
  <system-out/>
  <testcase name="checkingWelcome" time="41.793" classname="com.hubspot.test.HomePageTest"/>
  <system-out/>
  <testcase name="checkingInfo" time="30.741" classname="com.hubspot.test.HomePageTest"/>
  <system-out/>
</testsuite> <!-- com.hubspot.test.HomePageTest -->
