<?xml version="1.0" encoding="UTF-8"?>
<!-- Generated by org.testng.reporters.JUnitReportReporter -->
<testsuite skipped="0" hostname="DESKTOP-541KTCM" name="com.hubspot.test.LogInPageTest" tests="5" failures="0" timestamp="29 Sep 2020 10:35:16 GMT" time="71.971" errors="0">
  <testcase name="verifyTitleTest" time="10.402" classname="com.hubspot.test.LogInPageTest"/>
  <testcase name="verifyLogInPageTest" time="18.595" classname="com.hubspot.test.LogInPageTest"/>
  <testcase name="badLogin" time="16.943" classname="com.hubspot.test.LogInPageTest"/>
  <testcase name="badLogin" time="14.803" classname="com.hubspot.test.LogInPageTest"/>
  <testcase name="verifyForgetPwd" time="11.228" classname="com.hubspot.test.LogInPageTest"/>
</testsuite> <!-- com.hubspot.test.LogInPageTest -->
