<?xml version="1.0" encoding="UTF-8"?>
<!-- Generated by org.testng.reporters.JUnitReportReporter -->
<testsuite skipped="0" hostname="DESKTOP-541KTCM" name="com.hubspot.test.LogInPageTest" tests="5" failures="0" timestamp="26 Sep 2020 05:57:41 GMT" time="65.966" errors="0">
  <testcase name="verifyTitleTest" time="10.955" classname="com.hubspot.test.LogInPageTest"/>
  <testcase name="verifyLogInPageTest" time="15.685" classname="com.hubspot.test.LogInPageTest"/>
  <testcase name="badLogin" time="15.606" classname="com.hubspot.test.LogInPageTest"/>
  <testcase name="badLogin" time="12.921" classname="com.hubspot.test.LogInPageTest"/>
  <testcase name="verifyForgetPwd" time="10.799" classname="com.hubspot.test.LogInPageTest"/>
</testsuite> <!-- com.hubspot.test.LogInPageTest -->
