<?xml version="1.0" encoding="UTF-8"?>
<!-- Generated by org.testng.reporters.JUnitReportReporter -->
<testsuite skipped="0" hostname="DESKTOP-541KTCM" name="com.hubspot.test.HomePageTest" tests="3" failures="0" timestamp="29 Sep 2020 10:35:16 GMT" time="68.396" errors="0">
  <testcase name="checkingAdmin" time="22.194" classname="com.hubspot.test.HomePageTest"/>
  <testcase name="checkingWelcome" time="21.809" classname="com.hubspot.test.HomePageTest"/>
  <testcase name="checkingInfo" time="24.393" classname="com.hubspot.test.HomePageTest"/>
</testsuite> <!-- com.hubspot.test.HomePageTest -->
