<?xml version="1.0" encoding="UTF-8"?>
<!-- Generated by org.testng.reporters.JUnitReportReporter -->
<testsuite skipped="0" hostname="DESKTOP-541KTCM" name="com.hubspot.test.HomePageTest" tests="3" failures="0" timestamp="26 Sep 2020 05:57:41 GMT" time="58.938" errors="0">
  <testcase name="checkingAdmin" time="18.141" classname="com.hubspot.test.HomePageTest"/>
  <testcase name="checkingWelcome" time="19.316" classname="com.hubspot.test.HomePageTest"/>
  <testcase name="checkingInfo" time="21.481" classname="com.hubspot.test.HomePageTest"/>
</testsuite> <!-- com.hubspot.test.HomePageTest -->
